2025-07-26 00:12:51.483 [LOG_OPENED] port=9999 pid=72794
2025-07-26 00:12:51.484 [LOG_OPENED] port=9999 pid=72793
2025-07-26 00:12:51.489 [QUEUED] ID1 GET /facilities priority=1
2025-07-26 00:12:51.489 [STARTED] ID1 GET /facilities attempt=1/5
2025-07-26 00:12:51.490 [LOG_OPENED] port=9999 pid=72795
2025-07-26 00:12:51.491 [QUEUED] ID1 GET /facilities priority=1
2025-07-26 00:12:51.492 [STARTED] ID1 GET /facilities attempt=1/5
2025-07-26 00:12:51.493 [LOG_OPENED] port=9999 pid=72796
2025-07-26 00:12:51.499 [QUEUED] ID1 GET /facilities priority=1
2025-07-26 00:12:51.499 [STARTED] ID1 GET /facilities attempt=1/5
2025-07-26 00:12:51.509 [QUEUED] ID1 GET /facilities priority=1
2025-07-26 00:12:51.509 [STARTED] ID1 GET /facilities attempt=1/5
2025-07-26 00:12:53.322 [COMPLETED] ID1 GET /facilities status=200 duration=1833ms
2025-07-26 00:12:53.330 [COMPLETED] ID1 GET /facilities status=200 duration=1838ms
2025-07-26 00:12:53.332 [COMPLETED] ID1 GET /facilities status=200 duration=1833ms
2025-07-26 00:12:53.333 [QUEUED] ID2 GET /data/facilities/NEM?facilities=BAYSW%2CCALL_B%5B...and+13+others%5D&metrics=energy&interval=1d&dateStart=2023-01-01&dateEnd=2024-01-01 priority=0
2025-07-26 00:12:53.333 [STARTED] ID2 GET /data/facilities/NEM?facilities=BAYSW%2CCALL_B%5B...and+13+others%5D&metrics=energy&interval=1d&dateStart=2023-01-01&dateEnd=2024-01-01 attempt=1/5
2025-07-26 00:12:53.334 [COMPLETED] ID1 GET /facilities status=200 duration=1825ms
2025-07-26 00:12:53.334 [QUEUED] ID3 GET /data/facilities/WEM?facilities=BLUEWATERS%2CCOLLIE%2CMUJA&metrics=energy&interval=1d&dateStart=2023-01-01&dateEnd=2024-01-01 priority=0
2025-07-26 00:12:53.337 [QUEUED] ID2 GET /data/facilities/NEM?facilities=BAYSW%2CCALL_B%5B...and+13+others%5D&metrics=energy&interval=1d&dateStart=2025-01-01&dateEnd=2026-01-01 priority=0
2025-07-26 00:12:53.337 [STARTED] ID2 GET /data/facilities/NEM?facilities=BAYSW%2CCALL_B%5B...and+13+others%5D&metrics=energy&interval=1d&dateStart=2025-01-01&dateEnd=2026-01-01 attempt=1/5
2025-07-26 00:12:53.338 [QUEUED] ID3 GET /data/facilities/WEM?facilities=BLUEWATERS%2CCOLLIE%2CMUJA&metrics=energy&interval=1d&dateStart=2025-01-01&dateEnd=2026-01-01 priority=0
2025-07-26 00:12:53.345 [QUEUED] ID2 GET /data/facilities/NEM?facilities=BAYSW%2CCALL_B%5B...and+13+others%5D&metrics=energy&interval=1d&dateStart=2023-01-01&dateEnd=2024-01-01 priority=0
2025-07-26 00:12:53.345 [STARTED] ID2 GET /data/facilities/NEM?facilities=BAYSW%2CCALL_B%5B...and+13+others%5D&metrics=energy&interval=1d&dateStart=2023-01-01&dateEnd=2024-01-01 attempt=1/5
2025-07-26 00:12:53.346 [QUEUED] ID3 GET /data/facilities/WEM?facilities=BLUEWATERS%2CCOLLIE%2CMUJA&metrics=energy&interval=1d&dateStart=2023-01-01&dateEnd=2024-01-01 priority=0
2025-07-26 00:12:53.536 [STARTED] ID3 GET /data/facilities/WEM?facilities=BLUEWATERS%2CCOLLIE%2CMUJA&metrics=energy&interval=1d&dateStart=2023-01-01&dateEnd=2024-01-01 attempt=1/5
2025-07-26 00:12:53.538 [STARTED] ID3 GET /data/facilities/WEM?facilities=BLUEWATERS%2CCOLLIE%2CMUJA&metrics=energy&interval=1d&dateStart=2025-01-01&dateEnd=2026-01-01 attempt=1/5
2025-07-26 00:12:53.547 [STARTED] ID3 GET /data/facilities/WEM?facilities=BLUEWATERS%2CCOLLIE%2CMUJA&metrics=energy&interval=1d&dateStart=2023-01-01&dateEnd=2024-01-01 attempt=1/5
2025-07-26 00:12:55.359 [COMPLETED] ID2 GET /data/facilities/NEM?facilities=BAYSW%2CCALL_B%5B...and+13+others%5D&metrics=energy&interval=1d&dateStart=2025-01-01&dateEnd=2026-01-01 status=200 duration=2022ms
2025-07-26 00:12:56.714 [COMPLETED] ID2 GET /data/facilities/NEM?facilities=BAYSW%2CCALL_B%5B...and+13+others%5D&metrics=energy&interval=1d&dateStart=2023-01-01&dateEnd=2024-01-01 status=200 duration=3381ms
2025-07-26 00:12:56.756 [COMPLETED] ID2 GET /data/facilities/NEM?facilities=BAYSW%2CCALL_B%5B...and+13+others%5D&metrics=energy&interval=1d&dateStart=2023-01-01&dateEnd=2024-01-01 status=200 duration=3411ms
2025-07-26 00:12:57.367 [COMPLETED] ID3 GET /data/facilities/WEM?facilities=BLUEWATERS%2CCOLLIE%2CMUJA&metrics=energy&interval=1d&dateStart=2023-01-01&dateEnd=2024-01-01 status=200 duration=3831ms
2025-07-26 00:12:57.400 [COMPLETED] ID3 GET /data/facilities/WEM?facilities=BLUEWATERS%2CCOLLIE%2CMUJA&metrics=energy&interval=1d&dateStart=2023-01-01&dateEnd=2024-01-01 status=200 duration=3853ms
2025-07-26 00:12:57.630 [QUEUED] ID4 GET /data/facilities/NEM?facilities=BAYSW%2CCALL_B%5B...and+13+others%5D&metrics=energy&interval=1d&dateStart=2024-01-01&dateEnd=2024-07-01 priority=0
2025-07-26 00:12:57.630 [STARTED] ID4 GET /data/facilities/NEM?facilities=BAYSW%2CCALL_B%5B...and+13+others%5D&metrics=energy&interval=1d&dateStart=2024-01-01&dateEnd=2024-07-01 attempt=1/5
2025-07-26 00:12:57.631 [QUEUED] ID5 GET /data/facilities/WEM?facilities=BLUEWATERS%2CCOLLIE%2CMUJA&metrics=energy&interval=1d&dateStart=2024-01-01&dateEnd=2024-07-01 priority=0
2025-07-26 00:12:57.832 [STARTED] ID5 GET /data/facilities/WEM?facilities=BLUEWATERS%2CCOLLIE%2CMUJA&metrics=energy&interval=1d&dateStart=2024-01-01&dateEnd=2024-07-01 attempt=1/5
2025-07-26 00:12:58.005 [COMPLETED] ID3 GET /data/facilities/WEM?facilities=BLUEWATERS%2CCOLLIE%2CMUJA&metrics=energy&interval=1d&dateStart=2025-01-01&dateEnd=2026-01-01 status=200 duration=4467ms
2025-07-26 00:12:59.326 [COMPLETED] ID5 GET /data/facilities/WEM?facilities=BLUEWATERS%2CCOLLIE%2CMUJA&metrics=energy&interval=1d&dateStart=2024-01-01&dateEnd=2024-07-01 status=200 duration=1494ms
2025-07-26 00:12:59.741 [COMPLETED] ID4 GET /data/facilities/NEM?facilities=BAYSW%2CCALL_B%5B...and+13+others%5D&metrics=energy&interval=1d&dateStart=2024-01-01&dateEnd=2024-07-01 status=200 duration=2111ms
2025-07-26 00:12:59.752 [QUEUED] ID6 GET /data/facilities/NEM?facilities=BAYSW%2CCALL_B%5B...and+13+others%5D&metrics=energy&interval=1d&dateStart=2024-07-01&dateEnd=2025-01-01 priority=0
2025-07-26 00:12:59.752 [STARTED] ID6 GET /data/facilities/NEM?facilities=BAYSW%2CCALL_B%5B...and+13+others%5D&metrics=energy&interval=1d&dateStart=2024-07-01&dateEnd=2025-01-01 attempt=1/5
2025-07-26 00:12:59.753 [QUEUED] ID7 GET /data/facilities/WEM?facilities=BLUEWATERS%2CCOLLIE%2CMUJA&metrics=energy&interval=1d&dateStart=2024-07-01&dateEnd=2025-01-01 priority=0
2025-07-26 00:12:59.954 [STARTED] ID7 GET /data/facilities/WEM?facilities=BLUEWATERS%2CCOLLIE%2CMUJA&metrics=energy&interval=1d&dateStart=2024-07-01&dateEnd=2025-01-01 attempt=1/5
2025-07-26 00:13:01.661 [COMPLETED] ID7 GET /data/facilities/WEM?facilities=BLUEWATERS%2CCOLLIE%2CMUJA&metrics=energy&interval=1d&dateStart=2024-07-01&dateEnd=2025-01-01 status=200 duration=1707ms
2025-07-26 00:13:02.209 [COMPLETED] ID6 GET /data/facilities/NEM?facilities=BAYSW%2CCALL_B%5B...and+13+others%5D&metrics=energy&interval=1d&dateStart=2024-07-01&dateEnd=2025-01-01 status=200 duration=2457ms
2025-07-26 00:13:02.425 [QUEUED] ID8 GET /data/facilities/NEM?facilities=BAYSW%2CCALL_B%5B...and+13+others%5D&metrics=energy&interval=1d&dateStart=2025-01-01&dateEnd=2026-01-01 priority=0
2025-07-26 00:13:02.426 [STARTED] ID8 GET /data/facilities/NEM?facilities=BAYSW%2CCALL_B%5B...and+13+others%5D&metrics=energy&interval=1d&dateStart=2025-01-01&dateEnd=2026-01-01 attempt=1/5
2025-07-26 00:13:02.426 [QUEUED] ID9 GET /data/facilities/WEM?facilities=BLUEWATERS%2CCOLLIE%2CMUJA&metrics=energy&interval=1d&dateStart=2025-01-01&dateEnd=2026-01-01 priority=0
2025-07-26 00:13:02.627 [STARTED] ID9 GET /data/facilities/WEM?facilities=BLUEWATERS%2CCOLLIE%2CMUJA&metrics=energy&interval=1d&dateStart=2025-01-01&dateEnd=2026-01-01 attempt=1/5
2025-07-26 00:13:05.201 [COMPLETED] ID9 GET /data/facilities/WEM?facilities=BLUEWATERS%2CCOLLIE%2CMUJA&metrics=energy&interval=1d&dateStart=2025-01-01&dateEnd=2026-01-01 status=200 duration=2574ms
2025-07-26 00:13:05.398 [COMPLETED] ID8 GET /data/facilities/NEM?facilities=BAYSW%2CCALL_B%5B...and+13+others%5D&metrics=energy&interval=1d&dateStart=2025-01-01&dateEnd=2026-01-01 status=200 duration=2972ms
2025-07-26 00:13:05.550 [QUEUED] ID10 GET /data/facilities/NEM?facilities=BAYSW%2CCALL_B%5B...and+13+others%5D&metrics=energy&interval=1d&dateStart=2023-01-01&dateEnd=2024-01-01 priority=0
2025-07-26 00:13:05.550 [STARTED] ID10 GET /data/facilities/NEM?facilities=BAYSW%2CCALL_B%5B...and+13+others%5D&metrics=energy&interval=1d&dateStart=2023-01-01&dateEnd=2024-01-01 attempt=1/5
2025-07-26 00:13:05.551 [QUEUED] ID11 GET /data/facilities/WEM?facilities=BLUEWATERS%2CCOLLIE%2CMUJA&metrics=energy&interval=1d&dateStart=2023-01-01&dateEnd=2024-01-01 priority=0
2025-07-26 00:13:05.751 [STARTED] ID11 GET /data/facilities/WEM?facilities=BLUEWATERS%2CCOLLIE%2CMUJA&metrics=energy&interval=1d&dateStart=2023-01-01&dateEnd=2024-01-01 attempt=1/5
2025-07-26 00:13:08.425 [COMPLETED] ID11 GET /data/facilities/WEM?facilities=BLUEWATERS%2CCOLLIE%2CMUJA&metrics=energy&interval=1d&dateStart=2023-01-01&dateEnd=2024-01-01 status=200 duration=2674ms
2025-07-26 00:13:09.096 [COMPLETED] ID10 GET /data/facilities/NEM?facilities=BAYSW%2CCALL_B%5B...and+13+others%5D&metrics=energy&interval=1d&dateStart=2023-01-01&dateEnd=2024-01-01 status=200 duration=3546ms
2025-07-26 00:13:09.317 [QUEUED] ID12 GET /facilities priority=1
2025-07-26 00:13:09.317 [STARTED] ID12 GET /facilities attempt=1/5
2025-07-26 00:13:10.880 [COMPLETED] ID12 GET /facilities status=200 duration=1563ms
2025-07-26 00:13:10.881 [QUEUED] ID13 GET /data/facilities/NEM?facilities=BAYSW%2CCALL_B%5B...and+13+others%5D&metrics=energy&interval=1d&dateStart=2022-01-01&dateEnd=2023-01-01 priority=0
2025-07-26 00:13:10.881 [STARTED] ID13 GET /data/facilities/NEM?facilities=BAYSW%2CCALL_B%5B...and+13+others%5D&metrics=energy&interval=1d&dateStart=2022-01-01&dateEnd=2023-01-01 attempt=1/5
2025-07-26 00:13:10.881 [QUEUED] ID14 GET /data/facilities/WEM?facilities=BLUEWATERS%2CCOLLIE%2CMUJA&metrics=energy&interval=1d&dateStart=2022-01-01&dateEnd=2023-01-01 priority=0
2025-07-26 00:13:11.083 [STARTED] ID14 GET /data/facilities/WEM?facilities=BLUEWATERS%2CCOLLIE%2CMUJA&metrics=energy&interval=1d&dateStart=2022-01-01&dateEnd=2023-01-01 attempt=1/5
2025-07-26 00:13:12.974 [COMPLETED] ID14 GET /data/facilities/WEM?facilities=BLUEWATERS%2CCOLLIE%2CMUJA&metrics=energy&interval=1d&dateStart=2022-01-01&dateEnd=2023-01-01 status=200 duration=1891ms
2025-07-26 00:13:13.578 [COMPLETED] ID13 GET /data/facilities/NEM?facilities=BAYSW%2CCALL_B%5B...and+13+others%5D&metrics=energy&interval=1d&dateStart=2022-01-01&dateEnd=2023-01-01 status=200 duration=2697ms
2025-07-26 00:13:13.772 [QUEUED] ID15 GET /data/facilities/NEM?facilities=BAYSW%2CCALL_B%5B...and+13+others%5D&metrics=energy&interval=1d&dateStart=2023-01-01&dateEnd=2024-01-01 priority=0
2025-07-26 00:13:13.773 [STARTED] ID15 GET /data/facilities/NEM?facilities=BAYSW%2CCALL_B%5B...and+13+others%5D&metrics=energy&interval=1d&dateStart=2023-01-01&dateEnd=2024-01-01 attempt=1/5
2025-07-26 00:13:13.773 [QUEUED] ID16 GET /data/facilities/WEM?facilities=BLUEWATERS%2CCOLLIE%2CMUJA&metrics=energy&interval=1d&dateStart=2023-01-01&dateEnd=2024-01-01 priority=0
2025-07-26 00:13:13.974 [STARTED] ID16 GET /data/facilities/WEM?facilities=BLUEWATERS%2CCOLLIE%2CMUJA&metrics=energy&interval=1d&dateStart=2023-01-01&dateEnd=2024-01-01 attempt=1/5
2025-07-26 00:13:15.868 [COMPLETED] ID16 GET /data/facilities/WEM?facilities=BLUEWATERS%2CCOLLIE%2CMUJA&metrics=energy&interval=1d&dateStart=2023-01-01&dateEnd=2024-01-01 status=200 duration=1894ms
2025-07-26 00:13:16.224 [COMPLETED] ID15 GET /data/facilities/NEM?facilities=BAYSW%2CCALL_B%5B...and+13+others%5D&metrics=energy&interval=1d&dateStart=2023-01-01&dateEnd=2024-01-01 status=200 duration=2451ms
