2025-07-25 23:50:09.429 [LOG_OPENED] port=9999 pid=66130
2025-07-25 23:50:09.429 [LOG_OPENED] port=9999 pid=66132
2025-07-25 23:50:09.430 [LOG_OPENED] port=9999 pid=66131
2025-07-25 23:50:09.436 [QUEUED] ID1 GET /facilities priority=1
2025-07-25 23:50:09.436 [QUEUED] ID1 GET /facilities priority=1
2025-07-25 23:50:09.436 [STARTED] ID1 GET /facilities attempt=1/5
2025-07-25 23:50:09.436 [STARTED] ID1 GET /facilities attempt=1/5
2025-07-25 23:50:09.437 [LOG_OPENED] port=9999 pid=66129
2025-07-25 23:50:09.444 [QUEUED] ID1 GET /facilities priority=1
2025-07-25 23:50:09.445 [STARTED] ID1 GET /facilities attempt=1/5
2025-07-25 23:50:09.448 [QUEUED] ID1 GET /facilities priority=1
2025-07-25 23:50:09.448 [STARTED] ID1 GET /facilities attempt=1/5
2025-07-25 23:50:10.285 [FAILED] ID1 GET /facilities duration=849ms error="Permission denied. Check API key or your access level"
2025-07-25 23:50:10.286 [RETRY] ID1 GET /facilities attempt=2/5 delay=1000ms
2025-07-25 23:50:10.311 [FAILED] ID1 GET /facilities duration=875ms error="Permission denied. Check API key or your access level"
2025-07-25 23:50:10.311 [RETRY] ID1 GET /facilities attempt=2/5 delay=1000ms
2025-07-25 23:50:10.322 [FAILED] ID1 GET /facilities duration=874ms error="Permission denied. Check API key or your access level"
2025-07-25 23:50:10.323 [RETRY] ID1 GET /facilities attempt=2/5 delay=1000ms
2025-07-25 23:50:11.121 [COMPLETED] ID1 GET /facilities status=200 duration=1676ms
2025-07-25 23:50:11.137 [QUEUED] ID2 GET /data/facilities/NEM?facilities=BAYSW%2CCALL_B%5B...and+13+others%5D&metrics=energy&interval=1d&dateStart=2023-01-01&dateEnd=2024-01-01 priority=0
2025-07-25 23:50:11.138 [STARTED] ID2 GET /data/facilities/NEM?facilities=BAYSW%2CCALL_B%5B...and+13+others%5D&metrics=energy&interval=1d&dateStart=2023-01-01&dateEnd=2024-01-01 attempt=1/5
2025-07-25 23:50:11.139 [QUEUED] ID3 GET /data/facilities/WEM?facilities=BLUEWATERS%2CCOLLIE%2CMUJA&metrics=energy&interval=1d&dateStart=2023-01-01&dateEnd=2024-01-01 priority=0
2025-07-25 23:50:11.288 [STARTED] ID1 GET /facilities attempt=2/5
2025-07-25 23:50:11.312 [STARTED] ID1 GET /facilities attempt=2/5
2025-07-25 23:50:11.324 [STARTED] ID1 GET /facilities attempt=2/5
2025-07-25 23:50:11.338 [STARTED] ID3 GET /data/facilities/WEM?facilities=BLUEWATERS%2CCOLLIE%2CMUJA&metrics=energy&interval=1d&dateStart=2023-01-01&dateEnd=2024-01-01 attempt=1/5
2025-07-25 23:50:12.965 [COMPLETED] ID1 GET /facilities status=200 duration=1677ms
2025-07-25 23:50:12.981 [QUEUED] ID2 GET /data/facilities/NEM?facilities=BAYSW%2CCALL_B%5B...and+13+others%5D&metrics=energy&interval=1d&dateStart=2023-01-01&dateEnd=2024-01-01 priority=0
2025-07-25 23:50:12.981 [STARTED] ID2 GET /data/facilities/NEM?facilities=BAYSW%2CCALL_B%5B...and+13+others%5D&metrics=energy&interval=1d&dateStart=2023-01-01&dateEnd=2024-01-01 attempt=1/5
2025-07-25 23:50:12.982 [QUEUED] ID3 GET /data/facilities/WEM?facilities=BLUEWATERS%2CCOLLIE%2CMUJA&metrics=energy&interval=1d&dateStart=2023-01-01&dateEnd=2024-01-01 priority=0
2025-07-25 23:50:13.183 [STARTED] ID3 GET /data/facilities/WEM?facilities=BLUEWATERS%2CCOLLIE%2CMUJA&metrics=energy&interval=1d&dateStart=2023-01-01&dateEnd=2024-01-01 attempt=1/5
2025-07-25 23:50:13.397 [COMPLETED] ID1 GET /facilities status=200 duration=2073ms
2025-07-25 23:50:13.398 [COMPLETED] ID1 GET /facilities status=200 duration=2086ms
2025-07-25 23:50:13.404 [QUEUED] ID2 GET /data/facilities/NEM?facilities=BAYSW%2CCALL_B%5B...and+13+others%5D&metrics=energy&interval=1d&dateStart=2025-01-01&dateEnd=2026-01-01 priority=0
2025-07-25 23:50:13.404 [STARTED] ID2 GET /data/facilities/NEM?facilities=BAYSW%2CCALL_B%5B...and+13+others%5D&metrics=energy&interval=1d&dateStart=2025-01-01&dateEnd=2026-01-01 attempt=1/5
2025-07-25 23:50:13.406 [QUEUED] ID3 GET /data/facilities/WEM?facilities=BLUEWATERS%2CCOLLIE%2CMUJA&metrics=energy&interval=1d&dateStart=2025-01-01&dateEnd=2026-01-01 priority=0
2025-07-25 23:50:13.569 [COMPLETED] ID2 GET /data/facilities/NEM?facilities=BAYSW%2CCALL_B%5B...and+13+others%5D&metrics=energy&interval=1d&dateStart=2023-01-01&dateEnd=2024-01-01 status=200 duration=2431ms
2025-07-25 23:50:13.607 [STARTED] ID3 GET /data/facilities/WEM?facilities=BLUEWATERS%2CCOLLIE%2CMUJA&metrics=energy&interval=1d&dateStart=2025-01-01&dateEnd=2026-01-01 attempt=1/5
2025-07-25 23:50:13.655 [COMPLETED] ID3 GET /data/facilities/WEM?facilities=BLUEWATERS%2CCOLLIE%2CMUJA&metrics=energy&interval=1d&dateStart=2023-01-01&dateEnd=2024-01-01 status=200 duration=2317ms
2025-07-25 23:50:13.859 [QUEUED] ID4 GET /data/facilities/NEM?facilities=BAYSW%2CCALL_B%5B...and+13+others%5D&metrics=energy&interval=1d&dateStart=2024-01-01&dateEnd=2024-07-01 priority=0
2025-07-25 23:50:13.859 [STARTED] ID4 GET /data/facilities/NEM?facilities=BAYSW%2CCALL_B%5B...and+13+others%5D&metrics=energy&interval=1d&dateStart=2024-01-01&dateEnd=2024-07-01 attempt=1/5
2025-07-25 23:50:13.860 [QUEUED] ID5 GET /data/facilities/WEM?facilities=BLUEWATERS%2CCOLLIE%2CMUJA&metrics=energy&interval=1d&dateStart=2024-01-01&dateEnd=2024-07-01 priority=0
2025-07-25 23:50:14.062 [STARTED] ID5 GET /data/facilities/WEM?facilities=BLUEWATERS%2CCOLLIE%2CMUJA&metrics=energy&interval=1d&dateStart=2024-01-01&dateEnd=2024-07-01 attempt=1/5
2025-07-25 23:50:15.517 [COMPLETED] ID2 GET /data/facilities/NEM?facilities=BAYSW%2CCALL_B%5B...and+13+others%5D&metrics=energy&interval=1d&dateStart=2023-01-01&dateEnd=2024-01-01 status=200 duration=2536ms
2025-07-25 23:50:15.528 [COMPLETED] ID3 GET /data/facilities/WEM?facilities=BLUEWATERS%2CCOLLIE%2CMUJA&metrics=energy&interval=1d&dateStart=2023-01-01&dateEnd=2024-01-01 status=200 duration=2345ms
2025-07-25 23:50:16.646 [COMPLETED] ID5 GET /data/facilities/WEM?facilities=BLUEWATERS%2CCOLLIE%2CMUJA&metrics=energy&interval=1d&dateStart=2024-01-01&dateEnd=2024-07-01 status=200 duration=2584ms
2025-07-25 23:50:16.648 [COMPLETED] ID3 GET /data/facilities/WEM?facilities=BLUEWATERS%2CCOLLIE%2CMUJA&metrics=energy&interval=1d&dateStart=2025-01-01&dateEnd=2026-01-01 status=200 duration=3041ms
2025-07-25 23:50:17.154 [COMPLETED] ID2 GET /data/facilities/NEM?facilities=BAYSW%2CCALL_B%5B...and+13+others%5D&metrics=energy&interval=1d&dateStart=2025-01-01&dateEnd=2026-01-01 status=200 duration=3750ms
2025-07-25 23:50:17.204 [COMPLETED] ID4 GET /data/facilities/NEM?facilities=BAYSW%2CCALL_B%5B...and+13+others%5D&metrics=energy&interval=1d&dateStart=2024-01-01&dateEnd=2024-07-01 status=200 duration=3345ms
2025-07-25 23:50:17.214 [QUEUED] ID6 GET /data/facilities/NEM?facilities=BAYSW%2CCALL_B%5B...and+13+others%5D&metrics=energy&interval=1d&dateStart=2024-07-01&dateEnd=2025-01-01 priority=0
2025-07-25 23:50:17.214 [STARTED] ID6 GET /data/facilities/NEM?facilities=BAYSW%2CCALL_B%5B...and+13+others%5D&metrics=energy&interval=1d&dateStart=2024-07-01&dateEnd=2025-01-01 attempt=1/5
2025-07-25 23:50:17.215 [QUEUED] ID7 GET /data/facilities/WEM?facilities=BLUEWATERS%2CCOLLIE%2CMUJA&metrics=energy&interval=1d&dateStart=2024-07-01&dateEnd=2025-01-01 priority=0
2025-07-25 23:50:17.416 [STARTED] ID7 GET /data/facilities/WEM?facilities=BLUEWATERS%2CCOLLIE%2CMUJA&metrics=energy&interval=1d&dateStart=2024-07-01&dateEnd=2025-01-01 attempt=1/5
2025-07-25 23:50:18.686 [COMPLETED] ID7 GET /data/facilities/WEM?facilities=BLUEWATERS%2CCOLLIE%2CMUJA&metrics=energy&interval=1d&dateStart=2024-07-01&dateEnd=2025-01-01 status=200 duration=1270ms
2025-07-25 23:50:19.649 [COMPLETED] ID6 GET /data/facilities/NEM?facilities=BAYSW%2CCALL_B%5B...and+13+others%5D&metrics=energy&interval=1d&dateStart=2024-07-01&dateEnd=2025-01-01 status=200 duration=2435ms
2025-07-25 23:50:19.830 [QUEUED] ID8 GET /data/facilities/NEM?facilities=BAYSW%2CCALL_B%5B...and+13+others%5D&metrics=energy&interval=1d&dateStart=2025-01-01&dateEnd=2026-01-01 priority=0
2025-07-25 23:50:19.830 [STARTED] ID8 GET /data/facilities/NEM?facilities=BAYSW%2CCALL_B%5B...and+13+others%5D&metrics=energy&interval=1d&dateStart=2025-01-01&dateEnd=2026-01-01 attempt=1/5
2025-07-25 23:50:19.831 [QUEUED] ID9 GET /data/facilities/WEM?facilities=BLUEWATERS%2CCOLLIE%2CMUJA&metrics=energy&interval=1d&dateStart=2025-01-01&dateEnd=2026-01-01 priority=0
2025-07-25 23:50:20.033 [STARTED] ID9 GET /data/facilities/WEM?facilities=BLUEWATERS%2CCOLLIE%2CMUJA&metrics=energy&interval=1d&dateStart=2025-01-01&dateEnd=2026-01-01 attempt=1/5
2025-07-25 23:50:21.661 [COMPLETED] ID9 GET /data/facilities/WEM?facilities=BLUEWATERS%2CCOLLIE%2CMUJA&metrics=energy&interval=1d&dateStart=2025-01-01&dateEnd=2026-01-01 status=200 duration=1628ms
2025-07-25 23:50:21.860 [COMPLETED] ID8 GET /data/facilities/NEM?facilities=BAYSW%2CCALL_B%5B...and+13+others%5D&metrics=energy&interval=1d&dateStart=2025-01-01&dateEnd=2026-01-01 status=200 duration=2030ms
2025-07-25 23:50:22.019 [QUEUED] ID10 GET /data/facilities/NEM?facilities=BAYSW%2CCALL_B%5B...and+13+others%5D&metrics=energy&interval=1d&dateStart=2023-01-01&dateEnd=2024-01-01 priority=0
2025-07-25 23:50:22.019 [STARTED] ID10 GET /data/facilities/NEM?facilities=BAYSW%2CCALL_B%5B...and+13+others%5D&metrics=energy&interval=1d&dateStart=2023-01-01&dateEnd=2024-01-01 attempt=1/5
2025-07-25 23:50:22.020 [QUEUED] ID11 GET /data/facilities/WEM?facilities=BLUEWATERS%2CCOLLIE%2CMUJA&metrics=energy&interval=1d&dateStart=2023-01-01&dateEnd=2024-01-01 priority=0
2025-07-25 23:50:22.221 [STARTED] ID11 GET /data/facilities/WEM?facilities=BLUEWATERS%2CCOLLIE%2CMUJA&metrics=energy&interval=1d&dateStart=2023-01-01&dateEnd=2024-01-01 attempt=1/5
2025-07-25 23:50:24.141 [COMPLETED] ID11 GET /data/facilities/WEM?facilities=BLUEWATERS%2CCOLLIE%2CMUJA&metrics=energy&interval=1d&dateStart=2023-01-01&dateEnd=2024-01-01 status=200 duration=1920ms
2025-07-25 23:50:24.410 [COMPLETED] ID10 GET /data/facilities/NEM?facilities=BAYSW%2CCALL_B%5B...and+13+others%5D&metrics=energy&interval=1d&dateStart=2023-01-01&dateEnd=2024-01-01 status=200 duration=2391ms
2025-07-25 23:50:24.616 [QUEUED] ID12 GET /facilities priority=1
2025-07-25 23:50:24.616 [STARTED] ID12 GET /facilities attempt=1/5
2025-07-25 23:50:25.774 [COMPLETED] ID12 GET /facilities status=200 duration=1158ms
2025-07-25 23:50:25.776 [QUEUED] ID13 GET /data/facilities/NEM?facilities=BAYSW%2CCALL_B%5B...and+13+others%5D&metrics=energy&interval=1d&dateStart=2022-01-01&dateEnd=2023-01-01 priority=0
2025-07-25 23:50:25.776 [STARTED] ID13 GET /data/facilities/NEM?facilities=BAYSW%2CCALL_B%5B...and+13+others%5D&metrics=energy&interval=1d&dateStart=2022-01-01&dateEnd=2023-01-01 attempt=1/5
2025-07-25 23:50:25.778 [QUEUED] ID14 GET /data/facilities/WEM?facilities=BLUEWATERS%2CCOLLIE%2CMUJA&metrics=energy&interval=1d&dateStart=2022-01-01&dateEnd=2023-01-01 priority=0
2025-07-25 23:50:25.979 [STARTED] ID14 GET /data/facilities/WEM?facilities=BLUEWATERS%2CCOLLIE%2CMUJA&metrics=energy&interval=1d&dateStart=2022-01-01&dateEnd=2023-01-01 attempt=1/5
2025-07-25 23:50:27.800 [COMPLETED] ID14 GET /data/facilities/WEM?facilities=BLUEWATERS%2CCOLLIE%2CMUJA&metrics=energy&interval=1d&dateStart=2022-01-01&dateEnd=2023-01-01 status=200 duration=1821ms
2025-07-25 23:50:28.415 [COMPLETED] ID13 GET /data/facilities/NEM?facilities=BAYSW%2CCALL_B%5B...and+13+others%5D&metrics=energy&interval=1d&dateStart=2022-01-01&dateEnd=2023-01-01 status=200 duration=2639ms
2025-07-25 23:50:28.607 [QUEUED] ID15 GET /data/facilities/NEM?facilities=BAYSW%2CCALL_B%5B...and+13+others%5D&metrics=energy&interval=1d&dateStart=2023-01-01&dateEnd=2024-01-01 priority=0
2025-07-25 23:50:28.607 [STARTED] ID15 GET /data/facilities/NEM?facilities=BAYSW%2CCALL_B%5B...and+13+others%5D&metrics=energy&interval=1d&dateStart=2023-01-01&dateEnd=2024-01-01 attempt=1/5
2025-07-25 23:50:28.608 [QUEUED] ID16 GET /data/facilities/WEM?facilities=BLUEWATERS%2CCOLLIE%2CMUJA&metrics=energy&interval=1d&dateStart=2023-01-01&dateEnd=2024-01-01 priority=0
2025-07-25 23:50:28.809 [STARTED] ID16 GET /data/facilities/WEM?facilities=BLUEWATERS%2CCOLLIE%2CMUJA&metrics=energy&interval=1d&dateStart=2023-01-01&dateEnd=2024-01-01 attempt=1/5
2025-07-25 23:50:30.407 [COMPLETED] ID16 GET /data/facilities/WEM?facilities=BLUEWATERS%2CCOLLIE%2CMUJA&metrics=energy&interval=1d&dateStart=2023-01-01&dateEnd=2024-01-01 status=200 duration=1598ms
2025-07-25 23:50:31.743 [COMPLETED] ID15 GET /data/facilities/NEM?facilities=BAYSW%2CCALL_B%5B...and+13+others%5D&metrics=energy&interval=1d&dateStart=2023-01-01&dateEnd=2024-01-01 status=200 duration=3136ms
