2025-07-24 17:53:06.597 [LOG_OPENED] port=3000 pid=2386
2025-07-24 17:53:06.602 [QUEUED] ID1 GET /facilities priority=1
2025-07-24 17:53:06.602 [STARTED] ID1 GET /facilities attempt=1/4
2025-07-24 17:53:08.290 [COMPLETED] ID1 GET /facilities status=200 duration=1688ms
2025-07-24 17:53:08.292 [QUEUED] ID2 GET /data/facilities/NEM?facilities=BAYSW,CALL_B,CALLIDEC1,ERARING,GSTONE,KOGANCK,LOYYANGA,LOYYB,MILLMERN,MP,STANWELL,TARONG,TARONGN,VP,YALLOURN priority=0
2025-07-24 17:53:08.292 [STARTED] ID2 GET /data/facilities/NEM?facilities=BAYSW,CALL_B,CALLIDEC1,ERARING,GSTONE,KOGANCK,LOYYANGA,LOYYB,MILLMERN,MP,STANWELL,TARONG,TARONGN,VP,YALLOURN attempt=1/4
2025-07-24 17:53:08.293 [QUEUED] ID3 GET /data/facilities/WEM?facilities=BLUEWATERS,COLLIE,MUJA priority=0
2025-07-24 17:53:08.494 [STARTED] ID3 GET /data/facilities/WEM?facilities=BLUEWATERS,COLLIE,MUJA attempt=1/4
2025-07-24 17:53:10.321 [COMPLETED] ID3 GET /data/facilities/WEM?facilities=BLUEWATERS,COLLIE,MUJA status=200 duration=1827ms
2025-07-24 17:53:10.391 [COMPLETED] ID2 GET /data/facilities/NEM?facilities=BAYSW,CALL_B,CALLIDEC1,ERARING,GSTONE,KOGANCK,LOYYANGA,LOYYB,MILLMERN,MP,STANWELL,TARONG,TARONGN,VP,YALLOURN status=200 duration=2099ms
2025-07-24 17:54:30.392 [QUEUED] ID4 GET /data/facilities/NEM?facilities=BAYSW,CALL_B,CALLIDEC1,ERARING,GSTONE,KOGANCK,LOYYANGA,LOYYB,MILLMERN,MP,STANWELL,TARONG,TARONGN,VP,YALLOURN priority=0
2025-07-24 17:54:30.392 [STARTED] ID4 GET /data/facilities/NEM?facilities=BAYSW,CALL_B,CALLIDEC1,ERARING,GSTONE,KOGANCK,LOYYANGA,LOYYB,MILLMERN,MP,STANWELL,TARONG,TARONGN,VP,YALLOURN attempt=1/4
2025-07-24 17:54:30.395 [QUEUED] ID5 GET /data/facilities/WEM?facilities=BLUEWATERS,COLLIE,MUJA priority=0
2025-07-24 17:54:30.397 [QUEUED] ID6 GET /data/facilities/NEM?facilities=BAYSW,CALL_B,CALLIDEC1,ERARING,GSTONE,KOGANCK,LOYYANGA,LOYYB,MILLMERN,MP,STANWELL,TARONG,TARONGN,VP,YALLOURN priority=0
2025-07-24 17:54:30.398 [QUEUED] ID7 GET /data/facilities/WEM?facilities=BLUEWATERS,COLLIE,MUJA priority=0
2025-07-24 17:54:30.596 [STARTED] ID5 GET /data/facilities/WEM?facilities=BLUEWATERS,COLLIE,MUJA attempt=1/4
2025-07-24 17:54:32.194 [COMPLETED] ID5 GET /data/facilities/WEM?facilities=BLUEWATERS,COLLIE,MUJA status=200 duration=1598ms
2025-07-24 17:54:32.208 [STARTED] ID6 GET /data/facilities/NEM?facilities=BAYSW,CALL_B,CALLIDEC1,ERARING,GSTONE,KOGANCK,LOYYANGA,LOYYB,MILLMERN,MP,STANWELL,TARONG,TARONGN,VP,YALLOURN attempt=1/4
2025-07-24 17:54:32.532 [COMPLETED] ID4 GET /data/facilities/NEM?facilities=BAYSW,CALL_B,CALLIDEC1,ERARING,GSTONE,KOGANCK,LOYYANGA,LOYYB,MILLMERN,MP,STANWELL,TARONG,TARONGN,VP,YALLOURN status=200 duration=2140ms
2025-07-24 17:54:32.541 [QUEUED] ID8 GET /data/facilities/NEM?facilities=BAYSW,CALL_B,CALLIDEC1,ERARING,GSTONE,KOGANCK,LOYYANGA,LOYYB,MILLMERN,MP,STANWELL,TARONG,TARONGN,VP,YALLOURN priority=0
2025-07-24 17:54:32.541 [STARTED] ID7 GET /data/facilities/WEM?facilities=BLUEWATERS,COLLIE,MUJA attempt=1/4
2025-07-24 17:54:32.542 [QUEUED] ID9 GET /data/facilities/WEM?facilities=BLUEWATERS,COLLIE,MUJA priority=0
2025-07-24 17:54:34.266 [COMPLETED] ID7 GET /data/facilities/WEM?facilities=BLUEWATERS,COLLIE,MUJA status=200 duration=1725ms
2025-07-24 17:54:34.373 [COMPLETED] ID6 GET /data/facilities/NEM?facilities=BAYSW,CALL_B,CALLIDEC1,ERARING,GSTONE,KOGANCK,LOYYANGA,LOYYB,MILLMERN,MP,STANWELL,TARONG,TARONGN,VP,YALLOURN status=200 duration=2165ms
2025-07-24 17:54:34.430 [STARTED] ID8 GET /data/facilities/NEM?facilities=BAYSW,CALL_B,CALLIDEC1,ERARING,GSTONE,KOGANCK,LOYYANGA,LOYYB,MILLMERN,MP,STANWELL,TARONG,TARONGN,VP,YALLOURN attempt=1/4
2025-07-24 17:54:34.633 [STARTED] ID9 GET /data/facilities/WEM?facilities=BLUEWATERS,COLLIE,MUJA attempt=1/4
2025-07-24 17:54:36.007 [COMPLETED] ID9 GET /data/facilities/WEM?facilities=BLUEWATERS,COLLIE,MUJA status=200 duration=1374ms
2025-07-24 17:54:36.355 [COMPLETED] ID8 GET /data/facilities/NEM?facilities=BAYSW,CALL_B,CALLIDEC1,ERARING,GSTONE,KOGANCK,LOYYANGA,LOYYB,MILLMERN,MP,STANWELL,TARONG,TARONGN,VP,YALLOURN status=200 duration=1925ms
